<?xml version="1.0" encoding="UTF-8"?>
<testng-results ignored="0" total="1" passed="1" failed="0" skipped="0">
  <reporter-output>
    <line>
      <![CDATA[Execution in local system]]>
    </line>
    <line>
      <![CDATA[Browser is : chrome]]>
    </line>
    <line>
      <![CDATA[test data:admin]]>
    </line>
    <line>
      <![CDATA[Google]]>
    </line>
  </reporter-output>
  <suite started-at="2023-05-21T17:29:29 IST" name="Suite" finished-at="2023-05-21T17:29:37 IST" duration-ms="7878">
    <groups>
    </groups>
    <test started-at="2023-05-21T17:29:29 IST" name="Test" finished-at="2023-05-21T17:29:37 IST" duration-ms="7878">
      <class name="script.DemoTest">
        <test-method is-config="true" signature="preCondition(java.lang.String,java.lang.String,java.lang.String)[pri:0, instance:script.DemoTest@25641d39]" started-at="2023-05-21T17:29:29 IST" name="preCondition" finished-at="2023-05-21T17:29:33 IST" duration-ms="3849" status="PASS">
          <params>
            <param index="0">
              <value>
                <![CDATA[https://www.google.com]]>
              </value>
            </param>
            <param index="1">
              <value>
                <![CDATA[no]]>
              </value>
            </param>
            <param index="2">
              <value>
                <![CDATA[chrome]]>
              </value>
            </param>
          </params>
          <reporter-output>
            <line>
              <![CDATA[Execution in local system]]>
            </line>
            <line>
              <![CDATA[Browser is : chrome]]>
            </line>
          </reporter-output>
        </test-method> <!-- preCondition -->
        <test-method signature="demoTest1()[pri:0, instance:script.DemoTest@25641d39]" started-at="2023-05-21T17:29:33 IST" name="demoTest1" finished-at="2023-05-21T17:29:36 IST" duration-ms="3733" status="PASS">
          <reporter-output>
            <line>
              <![CDATA[test data:admin]]>
            </line>
            <line>
              <![CDATA[Google]]>
            </line>
          </reporter-output>
        </test-method> <!-- demoTest1 -->
        <test-method is-config="true" signature="postCondition()[pri:0, instance:script.DemoTest@25641d39]" started-at="2023-05-21T17:29:36 IST" name="postCondition" finished-at="2023-05-21T17:29:37 IST" duration-ms="257" status="PASS">
          <reporter-output>
          </reporter-output>
        </test-method> <!-- postCondition -->
      </class> <!-- script.DemoTest -->
    </test> <!-- Test -->
  </suite> <!-- Suite -->
</testng-results>
